2025-03-02T22:18:20,283 - CPUUtilization.Percent:0.0|#Level:Host|#hostname:LAPTOP-PR07FN38,timestamp:1740925100
2025-03-02T22:18:20,284 - DiskAvailable.Gigabytes:500.7898063659668|#Level:Host|#hostname:LAPTOP-PR07FN38,timestamp:1740925100
2025-03-02T22:18:20,284 - DiskUsage.Gigabytes:150.85472106933594|#Level:Host|#hostname:LAPTOP-PR07FN38,timestamp:1740925100
2025-03-02T22:18:20,284 - DiskUtilization.Percent:23.1|#Level:Host|#hostname:LAPTOP-PR07FN38,timestamp:1740925100
2025-03-02T22:18:20,285 - GPUMemoryUtilization.Percent:23.20468978993649|#Level:Host,DeviceId:0|#hostname:LAPTOP-PR07FN38,timestamp:1740925100
2025-03-02T22:18:20,285 - GPUMemoryUsed.Megabytes:1900.0|#Level:Host,DeviceId:0|#hostname:LAPTOP-PR07FN38,timestamp:1740925100
2025-03-02T22:18:20,285 - GPUUtilization.Percent:0.0|#Level:Host,DeviceId:0|#hostname:LAPTOP-PR07FN38,timestamp:1740925100
2025-03-02T22:18:20,285 - MemoryAvailable.Megabytes:44567.21875|#Level:Host|#hostname:LAPTOP-PR07FN38,timestamp:1740925100
2025-03-02T22:18:20,286 - MemoryUsed.Megabytes:20693.2734375|#Level:Host|#hostname:LAPTOP-PR07FN38,timestamp:1740925100
2025-03-02T22:18:20,286 - MemoryUtilization.Percent:31.7|#Level:Host|#hostname:LAPTOP-PR07FN38,timestamp:1740925100
2025-03-02T22:18:52,010 - Requests5XX.Count:1.0|#Level:Host|#hostname:LAPTOP-PR07FN38,timestamp:1740925132
2025-03-02T22:19:20,319 - CPUUtilization.Percent:0.0|#Level:Host|#hostname:LAPTOP-PR07FN38,timestamp:1740925160
2025-03-02T22:19:20,319 - DiskAvailable.Gigabytes:500.7897415161133|#Level:Host|#hostname:LAPTOP-PR07FN38,timestamp:1740925160
2025-03-02T22:19:20,319 - DiskUsage.Gigabytes:150.85478591918945|#Level:Host|#hostname:LAPTOP-PR07FN38,timestamp:1740925160
2025-03-02T22:19:20,320 - DiskUtilization.Percent:23.1|#Level:Host|#hostname:LAPTOP-PR07FN38,timestamp:1740925160
2025-03-02T22:19:20,320 - GPUMemoryUtilization.Percent:23.60771861260381|#Level:Host,DeviceId:0|#hostname:LAPTOP-PR07FN38,timestamp:1740925160
2025-03-02T22:19:20,320 - GPUMemoryUsed.Megabytes:1933.0|#Level:Host,DeviceId:0|#hostname:LAPTOP-PR07FN38,timestamp:1740925160
2025-03-02T22:19:20,320 - GPUUtilization.Percent:16.0|#Level:Host,DeviceId:0|#hostname:LAPTOP-PR07FN38,timestamp:1740925160
2025-03-02T22:19:20,320 - MemoryAvailable.Megabytes:44538.8828125|#Level:Host|#hostname:LAPTOP-PR07FN38,timestamp:1740925160
2025-03-02T22:19:20,320 - MemoryUsed.Megabytes:20721.546875|#Level:Host|#hostname:LAPTOP-PR07FN38,timestamp:1740925160
2025-03-02T22:19:20,320 - MemoryUtilization.Percent:31.8|#Level:Host|#hostname:LAPTOP-PR07FN38,timestamp:1740925160
2025-03-02T22:20:20,275 - CPUUtilization.Percent:0.0|#Level:Host|#hostname:LAPTOP-PR07FN38,timestamp:1740925220
2025-03-02T22:20:20,275 - DiskAvailable.Gigabytes:500.7897415161133|#Level:Host|#hostname:LAPTOP-PR07FN38,timestamp:1740925220
2025-03-02T22:20:20,275 - DiskUsage.Gigabytes:150.85478591918945|#Level:Host|#hostname:LAPTOP-PR07FN38,timestamp:1740925220
2025-03-02T22:20:20,275 - DiskUtilization.Percent:23.1|#Level:Host|#hostname:LAPTOP-PR07FN38,timestamp:1740925220
2025-03-02T22:20:20,275 - GPUMemoryUtilization.Percent:23.277967757694185|#Level:Host,DeviceId:0|#hostname:LAPTOP-PR07FN38,timestamp:1740925220
2025-03-02T22:20:20,275 - GPUMemoryUsed.Megabytes:1906.0|#Level:Host,DeviceId:0|#hostname:LAPTOP-PR07FN38,timestamp:1740925220
2025-03-02T22:20:20,275 - GPUUtilization.Percent:0.0|#Level:Host,DeviceId:0|#hostname:LAPTOP-PR07FN38,timestamp:1740925220
2025-03-02T22:20:20,276 - MemoryAvailable.Megabytes:44534.671875|#Level:Host|#hostname:LAPTOP-PR07FN38,timestamp:1740925220
2025-03-02T22:20:20,276 - MemoryUsed.Megabytes:20725.8203125|#Level:Host|#hostname:LAPTOP-PR07FN38,timestamp:1740925220
2025-03-02T22:20:20,276 - MemoryUtilization.Percent:31.8|#Level:Host|#hostname:LAPTOP-PR07FN38,timestamp:1740925220
2025-03-02T22:21:20,269 - CPUUtilization.Percent:0.0|#Level:Host|#hostname:LAPTOP-PR07FN38,timestamp:1740925280
2025-03-02T22:21:20,270 - DiskAvailable.Gigabytes:500.7897415161133|#Level:Host|#hostname:LAPTOP-PR07FN38,timestamp:1740925280
2025-03-02T22:21:20,271 - DiskUsage.Gigabytes:150.85478591918945|#Level:Host|#hostname:LAPTOP-PR07FN38,timestamp:1740925280
2025-03-02T22:21:20,271 - DiskUtilization.Percent:23.1|#Level:Host|#hostname:LAPTOP-PR07FN38,timestamp:1740925280
2025-03-02T22:21:20,271 - GPUMemoryUtilization.Percent:22.97264289203713|#Level:Host,DeviceId:0|#hostname:LAPTOP-PR07FN38,timestamp:1740925280
2025-03-02T22:21:20,272 - GPUMemoryUsed.Megabytes:1881.0|#Level:Host,DeviceId:0|#hostname:LAPTOP-PR07FN38,timestamp:1740925280
2025-03-02T22:21:20,272 - GPUUtilization.Percent:0.0|#Level:Host,DeviceId:0|#hostname:LAPTOP-PR07FN38,timestamp:1740925280
2025-03-02T22:21:20,272 - MemoryAvailable.Megabytes:44618.265625|#Level:Host|#hostname:LAPTOP-PR07FN38,timestamp:1740925280
2025-03-02T22:21:20,272 - MemoryUsed.Megabytes:20642.2265625|#Level:Host|#hostname:LAPTOP-PR07FN38,timestamp:1740925280
2025-03-02T22:21:20,272 - MemoryUtilization.Percent:31.6|#Level:Host|#hostname:LAPTOP-PR07FN38,timestamp:1740925280
2025-03-02T22:21:23,682 - Requests4XX.Count:1.0|#Level:Host|#hostname:LAPTOP-PR07FN38,timestamp:1740925283
2025-03-02T22:21:33,502 - Requests4XX.Count:1.0|#Level:Host|#hostname:LAPTOP-PR07FN38,timestamp:1740925293
2025-03-02T22:21:44,828 - Requests5XX.Count:1.0|#Level:Host|#hostname:LAPTOP-PR07FN38,timestamp:1740925304
